Log file open, 02/22/17 12:15:41
LogInit:Display: Running engine for game: UE4_Pong
LogPlatformFile: Not using cached read wrapper
LogInit:Display: RandInit(516964260) SRandInit(516964260).
LogTaskGraph: Started task graph with 5 named threads and 8 total threads with 1 sets of task threads.
LogStats: Stats thread started at 0.065741
LogPluginManager: Loaded Plugin Paper2D, From E:/Programmes/Epic Games/4.14/Engine/Plugins/2D/Paper2D/Paper2D.uplugin
LogPluginManager: Loaded Plugin LightPropagationVolume, From E:/Programmes/Epic Games/4.14/Engine/Plugins/Blendables/LightPropagationVolume/LightPropagationVolume.uplugin
LogPluginManager: Loaded Plugin BlankPlugin, From E:/Programmes/Epic Games/4.14/Engine/Plugins/Developer/BlankPlugin/BlankPlugin.uplugin
LogPluginManager: Loaded Plugin CodeLiteSourceCodeAccess, From E:/Programmes/Epic Games/4.14/Engine/Plugins/Developer/CodeLiteSourceCodeAccess/CodeLiteSourceCodeAccess.uplugin
LogPluginManager: Loaded Plugin GitSourceControl, From E:/Programmes/Epic Games/4.14/Engine/Plugins/Developer/GitSourceControl/GitSourceControl.uplugin
LogPluginManager: Loaded Plugin KDevelopSourceCodeAccess, From E:/Programmes/Epic Games/4.14/Engine/Plugins/Developer/KDevelopSourceCodeAccess/KDevelopSourceCodeAccess.uplugin
LogPluginManager: Loaded Plugin NullSourceCodeAccess, From E:/Programmes/Epic Games/4.14/Engine/Plugins/Developer/NullSourceCodeAccess/NullSourceCodeAccess.uplugin
LogPluginManager: Loaded Plugin OneSkyLocalizationService, From E:/Programmes/Epic Games/4.14/Engine/Plugins/Developer/OneSkyLocalizationService/OneSkyLocalizationService.uplugin
LogPluginManager: Loaded Plugin PerforceSourceControl, From E:/Programmes/Epic Games/4.14/Engine/Plugins/Developer/PerforceSourceControl/PerforceSourceControl.uplugin
LogPluginManager: Loaded Plugin SubversionSourceControl, From E:/Programmes/Epic Games/4.14/Engine/Plugins/Developer/SubversionSourceControl/SubversionSourceControl.uplugin
LogPluginManager: Loaded Plugin UObjectPlugin, From E:/Programmes/Epic Games/4.14/Engine/Plugins/Developer/UObjectPlugin/UObjectPlugin.uplugin
LogPluginManager: Loaded Plugin VisualStudioSourceCodeAccess, From E:/Programmes/Epic Games/4.14/Engine/Plugins/Developer/VisualStudioSourceCodeAccess/VisualStudioSourceCodeAccess.uplugin
LogPluginManager: Loaded Plugin XCodeSourceCodeAccess, From E:/Programmes/Epic Games/4.14/Engine/Plugins/Developer/XCodeSourceCodeAccess/XCodeSourceCodeAccess.uplugin
LogPluginManager: Loaded Plugin AudioCapture, From E:/Programmes/Epic Games/4.14/Engine/Plugins/Editor/AudioCapture/AudioCapture.uplugin
LogPluginManager: Loaded Plugin EpicSurvey, From E:/Programmes/Epic Games/4.14/Engine/Plugins/Editor/EpicSurvey/EpicSurvey.uplugin
LogPluginManager: Loaded Plugin MacGraphicsSwitching, From E:/Programmes/Epic Games/4.14/Engine/Plugins/Editor/MacGraphicsSwitching/MacGraphicsSwitching.uplugin
LogPluginManager: Loaded Plugin MobileLauncherProfileWizard, From E:/Programmes/Epic Games/4.14/Engine/Plugins/Editor/MobileLauncherProfileWizard/MobileLauncherProfileWizard.uplugin
LogPluginManager: Loaded Plugin PluginBrowser, From E:/Programmes/Epic Games/4.14/Engine/Plugins/Editor/PluginBrowser/PluginBrowser.uplugin
LogPluginManager: Loaded Plugin SpeedTreeImporter, From E:/Programmes/Epic Games/4.14/Engine/Plugins/Editor/SpeedTreeImporter/SpeedTreeImporter.uplugin
LogPluginManager: Loaded Plugin SuperSearchEditor, From E:/Programmes/Epic Games/4.14/Engine/Plugins/Editor/SuperSearchEditor/SuperSearchEditor.uplugin
LogPluginManager: Loaded Plugin AlembicImporter, From E:/Programmes/Epic Games/4.14/Engine/Plugins/Experimental/AlembicImporter/AlembicImporter.uplugin
LogPluginManager: Loaded Plugin BlueprintStats, From E:/Programmes/Epic Games/4.14/Engine/Plugins/Experimental/BlueprintStats/BlueprintStats.uplugin
LogPluginManager: Loaded Plugin CharacterAI, From E:/Programmes/Epic Games/4.14/Engine/Plugins/Experimental/CharacterAI/CharacterAI.uplugin
LogPluginManager: Loaded Plugin CodeEditor, From E:/Programmes/Epic Games/4.14/Engine/Plugins/Experimental/CodeEditor/CodeEditor.uplugin
LogPluginManager: Loaded Plugin CodeView, From E:/Programmes/Epic Games/4.14/Engine/Plugins/Experimental/CodeView/CodeView.uplugin
LogPluginManager: Loaded Plugin HTML5Networking, From E:/Programmes/Epic Games/4.14/Engine/Plugins/Experimental/HTML5Networking/HTML5Networking.uplugin
LogPluginManager: Loaded Plugin OSVR, From E:/Programmes/Epic Games/4.14/Engine/Plugins/Experimental/OSVR/OSVR.uplugin
LogPluginManager: Loaded Plugin Phya, From E:/Programmes/Epic Games/4.14/Engine/Plugins/Experimental/Phya/Phya.uplugin
LogPluginManager: Loaded Plugin SignificanceManager, From E:/Programmes/Epic Games/4.14/Engine/Plugins/Experimental/SignificanceManager/SignificanceManager.uplugin
LogPluginManager: Loaded Plugin SimpleHMD, From E:/Programmes/Epic Games/4.14/Engine/Plugins/Experimental/SimpleHMD/SimpleHMD.uplugin
LogPluginManager: Loaded Plugin StereoPanorama, From E:/Programmes/Epic Games/4.14/Engine/Plugins/Experimental/StereoPanorama/StereoPanorama.uplugin
LogPluginManager: Loaded Plugin StructBox, From E:/Programmes/Epic Games/4.14/Engine/Plugins/Experimental/StructBox/StructBox.uplugin
LogPluginManager: Loaded Plugin AndroidMedia, From E:/Programmes/Epic Games/4.14/Engine/Plugins/Media/AndroidMedia/AndroidMedia.uplugin
LogPluginManager: Loaded Plugin AvfMedia, From E:/Programmes/Epic Games/4.14/Engine/Plugins/Media/AvfMedia/AvfMedia.uplugin
LogPluginManager: Loaded Plugin MediaPlayerEditor, From E:/Programmes/Epic Games/4.14/Engine/Plugins/Media/MediaPlayerEditor/MediaPlayerEditor.uplugin
LogPluginManager: Loaded Plugin WmfMedia, From E:/Programmes/Epic Games/4.14/Engine/Plugins/Media/WmfMedia/WmfMedia.uplugin
LogPluginManager: Loaded Plugin MessagingDebugger, From E:/Programmes/Epic Games/4.14/Engine/Plugins/Messaging/MessagingDebugger/MessagingDebugger.uplugin
LogPluginManager: Loaded Plugin TcpMessaging, From E:/Programmes/Epic Games/4.14/Engine/Plugins/Messaging/TcpMessaging/TcpMessaging.uplugin
LogPluginManager: Loaded Plugin UdpMessaging, From E:/Programmes/Epic Games/4.14/Engine/Plugins/Messaging/UdpMessaging/UdpMessaging.uplugin
LogPluginManager: Loaded Plugin LevelSequenceEditor, From E:/Programmes/Epic Games/4.14/Engine/Plugins/MovieScene/LevelSequenceEditor/LevelSequenceEditor.uplugin
LogPluginManager: Loaded Plugin MatineeToLevelSequence, From E:/Programmes/Epic Games/4.14/Engine/Plugins/MovieScene/MatineeToLevelSequence/MatineeToLevelSequence.uplugin
LogPluginManager: Loaded Plugin NetcodeUnitTest, From E:/Programmes/Epic Games/4.14/Engine/Plugins/NetcodeUnitTest/NetcodeUnitTest/NetcodeUnitTest.uplugin
LogPluginManager: Loaded Plugin NUTUnrealEngine4, From E:/Programmes/Epic Games/4.14/Engine/Plugins/NetcodeUnitTest/NUTUnrealEngine4/NUTUnrealEngine4.uplugin
LogPluginManager: Loaded Plugin OnlineSubsystemGameCircle, From E:/Programmes/Epic Games/4.14/Engine/Plugins/Online/Android/OnlineSubsystemGameCircle/OnlineSubsystemGameCircle.uplugin
LogPluginManager: Loaded Plugin OnlineSubsystemGooglePlay, From E:/Programmes/Epic Games/4.14/Engine/Plugins/Online/Android/OnlineSubsystemGooglePlay/OnlineSubsystemGooglePlay.uplugin
LogPluginManager: Loaded Plugin OnlineSubsystemIOS, From E:/Programmes/Epic Games/4.14/Engine/Plugins/Online/IOS/OnlineSubsystemIOS/OnlineSubsystemIOS.uplugin
LogPluginManager: Loaded Plugin OnlineFramework, From E:/Programmes/Epic Games/4.14/Engine/Plugins/Online/OnlineFramework/OnlineFramework.uplugin
LogPluginManager: Loaded Plugin OnlineSubsystem, From E:/Programmes/Epic Games/4.14/Engine/Plugins/Online/OnlineSubsystem/OnlineSubsystem.uplugin
LogPluginManager: Loaded Plugin OnlineSubsystemAmazon, From E:/Programmes/Epic Games/4.14/Engine/Plugins/Online/OnlineSubsystemAmazon/OnlineSubsystemAmazon.uplugin
LogPluginManager: Loaded Plugin OnlineSubsystemFacebook, From E:/Programmes/Epic Games/4.14/Engine/Plugins/Online/OnlineSubsystemFacebook/OnlineSubsystemFacebook.uplugin
LogPluginManager: Loaded Plugin OnlineSubsystemNull, From E:/Programmes/Epic Games/4.14/Engine/Plugins/Online/OnlineSubsystemNull/OnlineSubsystemNull.uplugin
LogPluginManager: Loaded Plugin OnlineSubsystemOculus, From E:/Programmes/Epic Games/4.14/Engine/Plugins/Online/OnlineSubsystemOculus/OnlineSubsystemOculus.uplugin
LogPluginManager: Loaded Plugin OnlineSubsystemSteam, From E:/Programmes/Epic Games/4.14/Engine/Plugins/Online/OnlineSubsystemSteam/OnlineSubsystemSteam.uplugin
LogPluginManager: Loaded Plugin OnlineSubsystemUtils, From E:/Programmes/Epic Games/4.14/Engine/Plugins/Online/OnlineSubsystemUtils/OnlineSubsystemUtils.uplugin
LogPluginManager: Loaded Plugin IOSTapJoy, From E:/Programmes/Epic Games/4.14/Engine/Plugins/Runtime/Advertising/IOSTapJoy/IOSTapJoy.uplugin
LogPluginManager: Loaded Plugin AnalyticsBlueprintLibrary, From E:/Programmes/Epic Games/4.14/Engine/Plugins/Runtime/Analytics/AnalyticsBlueprintLibrary/AnalyticsBlueprintLibrary.uplugin
LogPluginManager: Loaded Plugin AnalyticsMulticast, From E:/Programmes/Epic Games/4.14/Engine/Plugins/Runtime/Analytics/AnalyticsMulticast/AnalyticsMulticast.uplugin
LogPluginManager: Loaded Plugin Apsalar, From E:/Programmes/Epic Games/4.14/Engine/Plugins/Runtime/Analytics/Apsalar/Apsalar.uplugin
LogPluginManager: Loaded Plugin FileLogging, From E:/Programmes/Epic Games/4.14/Engine/Plugins/Runtime/Analytics/FileLogging/FileLogging.uplugin
LogPluginManager: Loaded Plugin Flurry, From E:/Programmes/Epic Games/4.14/Engine/Plugins/Runtime/Analytics/Flurry/Flurry.uplugin
LogPluginManager: Loaded Plugin AndroidDeviceProfileSelector, From E:/Programmes/Epic Games/4.14/Engine/Plugins/Runtime/AndroidDeviceProfileSelector/AndroidDeviceProfileSelector.uplugin
LogPluginManager: Loaded Plugin AndroidMoviePlayer, From E:/Programmes/Epic Games/4.14/Engine/Plugins/Runtime/AndroidMoviePlayer/AndroidMoviePlayer.uplugin
LogPluginManager: Loaded Plugin AppleMoviePlayer, From E:/Programmes/Epic Games/4.14/Engine/Plugins/Runtime/AppleMoviePlayer/AppleMoviePlayer.uplugin
LogPluginManager: Loaded Plugin ArchVisCharacter, From E:/Programmes/Epic Games/4.14/Engine/Plugins/Runtime/ArchVisCharacter/ArchVisCharacter.uplugin
LogPluginManager: Loaded Plugin CableComponent, From E:/Programmes/Epic Games/4.14/Engine/Plugins/Runtime/CableComponent/CableComponent.uplugin
LogPluginManager: Loaded Plugin CustomMeshComponent, From E:/Programmes/Epic Games/4.14/Engine/Plugins/Runtime/CustomMeshComponent/CustomMeshComponent.uplugin
LogPluginManager: Loaded Plugin ExampleDeviceProfileSelector, From E:/Programmes/Epic Games/4.14/Engine/Plugins/Runtime/ExampleDeviceProfileSelector/ExampleDeviceProfileSelector.uplugin
LogPluginManager: Loaded Plugin GearVR, From E:/Programmes/Epic Games/4.14/Engine/Plugins/Runtime/GearVR/GearVR.uplugin
LogPluginManager: Loaded Plugin GoogleVRController, From E:/Programmes/Epic Games/4.14/Engine/Plugins/Runtime/GoogleVR/GoogleVRController/GoogleVRController.uplugin
LogPluginManager: Loaded Plugin GoogleVRHMD, From E:/Programmes/Epic Games/4.14/Engine/Plugins/Runtime/GoogleVR/GoogleVRHMD/GoogleVRHMD.uplugin
LogPluginManager: Loaded Plugin IOSDeviceProfileSelector, From E:/Programmes/Epic Games/4.14/Engine/Plugins/Runtime/IOSDeviceProfileSelector/IOSDeviceProfileSelector.uplugin
LogPluginManager: Loaded Plugin LeapMotion, From E:/Programmes/Epic Games/4.14/Engine/Plugins/Runtime/LeapMotion/LeapMotion.uplugin
LogPluginManager: Loaded Plugin LinuxDeviceProfileSelector, From E:/Programmes/Epic Games/4.14/Engine/Plugins/Runtime/LinuxDeviceProfileSelector/LinuxDeviceProfileSelector.uplugin
LogPluginManager: Loaded Plugin MIDIDevice, From E:/Programmes/Epic Games/4.14/Engine/Plugins/Runtime/MIDIDevice/MIDIDevice.uplugin
LogPluginManager: Loaded Plugin MobilePatchingUtils, From E:/Programmes/Epic Games/4.14/Engine/Plugins/Runtime/MobilePatchingUtils/MobilePatchingUtils.uplugin
LogPluginManager: Loaded Plugin Ansel, From E:/Programmes/Epic Games/4.14/Engine/Plugins/Runtime/Nvidia/Ansel/Ansel.uplugin
LogPluginManager: Loaded Plugin OculusAudio, From E:/Programmes/Epic Games/4.14/Engine/Plugins/Runtime/OculusAudio/OculusAudio.uplugin
LogPluginManager: Loaded Plugin OculusInput, From E:/Programmes/Epic Games/4.14/Engine/Plugins/Runtime/OculusInput/OculusInput.uplugin
LogPluginManager: Loaded Plugin OculusLibrary, From E:/Programmes/Epic Games/4.14/Engine/Plugins/Runtime/OculusLibrary/OculusLibrary.uplugin
LogPluginManager: Loaded Plugin OculusRift, From E:/Programmes/Epic Games/4.14/Engine/Plugins/Runtime/OculusRift/OculusRift.uplugin
LogPluginManager: Loaded Plugin Oodle, From E:/Programmes/Epic Games/4.14/Engine/Plugins/Runtime/PacketHandlers/CompressionComponents/Oodle/Oodle.uplugin
LogPluginManager: Loaded Plugin ProceduralMeshComponent, From E:/Programmes/Epic Games/4.14/Engine/Plugins/Runtime/ProceduralMeshComponent/ProceduralMeshComponent.uplugin
LogPluginManager: Loaded Plugin SoundMod, From E:/Programmes/Epic Games/4.14/Engine/Plugins/Runtime/SoundMod/SoundMod.uplugin
LogPluginManager: Loaded Plugin SoundVisualizations, From E:/Programmes/Epic Games/4.14/Engine/Plugins/Runtime/SoundVisualizations/SoundVisualizations.uplugin
LogPluginManager: Loaded Plugin SteamController, From E:/Programmes/Epic Games/4.14/Engine/Plugins/Runtime/Steam/SteamController/SteamController.uplugin
LogPluginManager: Loaded Plugin SteamVR, From E:/Programmes/Epic Games/4.14/Engine/Plugins/Runtime/Steam/SteamVR/SteamVR.uplugin
LogPluginManager: Loaded Plugin WebBrowserWidget, From E:/Programmes/Epic Games/4.14/Engine/Plugins/Runtime/WebBrowserWidget/WebBrowserWidget.uplugin
LogPluginManager: Loaded Plugin WindowsDeviceProfileSelector, From E:/Programmes/Epic Games/4.14/Engine/Plugins/Runtime/WindowsDeviceProfileSelector/WindowsDeviceProfileSelector.uplugin
LogPluginManager: Loaded Plugin WindowsMoviePlayer, From E:/Programmes/Epic Games/4.14/Engine/Plugins/Runtime/WindowsMoviePlayer/WindowsMoviePlayer.uplugin
LogPluginManager: Loaded Plugin ScriptPlugin, From E:/Programmes/Epic Games/4.14/Engine/Plugins/ScriptPlugin/ScriptPlugin.uplugin
LogPluginManager: Loaded Plugin SlateRemote, From E:/Programmes/Epic Games/4.14/Engine/Plugins/Slate/SlateRemote/SlateRemote.uplugin
LogPluginManager: Loaded Plugin EditorTests, From E:/Programmes/Epic Games/4.14/Engine/Plugins/Tests/EditorTests/EditorTests.uplugin
LogPluginManager: Loaded Plugin FbxAutomationTestBuilder, From E:/Programmes/Epic Games/4.14/Engine/Plugins/Tests/FbxAutomationTestBuilder/FbxAutomationTestBuilder.uplugin
LogPluginManager: Loaded Plugin FunctionalTestingEditor, From E:/Programmes/Epic Games/4.14/Engine/Plugins/Tests/FunctionalTestingEditor/FunctionalTestingEditor.uplugin
LogPluginManager: Loaded Plugin RuntimeTests, From E:/Programmes/Epic Games/4.14/Engine/Plugins/Tests/RuntimeTests/RuntimeTests.uplugin
LogPluginManager: Loaded Plugin ScreenshotTools, From E:/Programmes/Epic Games/4.14/Engine/Plugins/Tests/ScreenshotTools/ScreenshotTools.uplugin
LogInit: Using libcurl 7.47.1
LogInit:  - built for x86_64-pc-win32
LogInit:  - supports SSL with OpenSSL/1.0.2g
LogInit:  - supports HTTP deflate (compression) using libz 1.2.8
LogInit:  - other features:
LogInit:      CURL_VERSION_SSL
LogInit:      CURL_VERSION_LIBZ
LogInit:      CURL_VERSION_IPV6
LogInit:      CURL_VERSION_ASYNCHDNS
LogInit:      CURL_VERSION_LARGEFILE
LogInit:      CURL_VERSION_IDN
LogInit:  CurlRequestOptions (configurable via config and command line):
LogInit:  - bVerifyPeer = false  - Libcurl will NOT verify peer certificate
LogInit:  - bUseHttpProxy = false  - Libcurl will NOT use HTTP proxy
LogInit:  - bDontReuseConnections = false  - Libcurl will reuse connections
LogInit:  - CertBundlePath = nullptr  - Libcurl will use whatever was configured at build time.
LogInit: Build: ++UE4+Release-4.14-CL-3249277
LogInit: Engine Version: 4.14.3-3249277+++UE4+Release-4.14
LogInit: Compatible Engine Version: 4.14.0-3195953+++UE4+Release-4.14
LogInit: Net CL: 3195953
LogDevObjectVersion: Number of dev versions registered: 13
LogDevObjectVersion:   Dev-Blueprints (B0D832E4-1F89-4F0D-ACCF-7EB736FD4AA2): 7
LogDevObjectVersion:   Dev-Build (E1C64328-A22C-4D53-A36C-8E866417BD8C): 0
LogDevObjectVersion:   Dev-Core (375EC13C-06E4-48FB-B500-84F0262A717E): 1
LogDevObjectVersion:   Dev-Editor (E4B068ED-F494-42E9-A231-DA0B2E46BB41): 8
LogDevObjectVersion:   Dev-Framework (CFFC743F-43B0-4480-9391-14DF171D2073): 17
LogDevObjectVersion:   Dev-Mobile (B02B49B5-BB20-44E9-A304-32B752E40360): 0
LogDevObjectVersion:   Dev-Networking (A4E4105C-59A1-49B5-A7C5-40C4547EDFEE): 0
LogDevObjectVersion:   Dev-Online (39C831C9-5AE6-47DC-9A44-9C173E1C8E7C): 0
LogDevObjectVersion:   Dev-Physics (78F01B33-EBEA-4F98-B9B4-84EACCB95AA2): 0
LogDevObjectVersion:   Dev-Platform (6631380F-2D4D-43E0-8009-CF276956A95A): 0
LogDevObjectVersion:   Dev-Rendering (12F88B9F-8875-4AFC-A67C-D90C383ABD29): 12
LogDevObjectVersion:   Dev-Sequencer (7B5AE74C-D270-4C10-A958-57980B212A5A): 1
LogDevObjectVersion:   Dev-VR (D7296918-1DD6-4BDD-9DE2-64A83CC13884): 0
LogInit: Compiled (64-bit): Jan  6 2017 10:49:43
LogInit: Compiled with Visual C++: 19.00.23026.00
LogInit: Build Configuration: Development
LogInit: Branch Name: ++UE4+Release-4.14
LogInit: Command line:  
LogInit: Base directory: E:/Programmes/Epic Games/4.14/Engine/Binaries/Win64/
LogInit: Installed Engine Build: 1
LogInit: Presizing for max 8388607 objects, including 0 objects not considered by GC, pre-allocating 0 bytes for permanent pool.
LogInit: Object subsystem initialized
[2017.02.22-11.15.41:674][  0]LogInit: Selected Device Profile: [Windows]
[2017.02.22-11.15.41:674][  0]LogInit: Applying CVar settings loaded from the selected device profile: [Windows]
[2017.02.22-11.15.41:687][  0]LogInit: Computer: NICOLAS-PCFIXE
[2017.02.22-11.15.41:687][  0]LogInit: User: Nicolas
[2017.02.22-11.15.41:687][  0]LogInit: CPU Page size=65536, Cores=4
[2017.02.22-11.15.41:687][  0]LogInit: High frequency timer resolution =3.914199 MHz
[2017.02.22-11.15.41:687][  0]LogMemory: Memory total: Physical=15.9GB (16GB approx)
[2017.02.22-11.15.41:687][  0]LogMemory: Platform Memory Stats for Windows
[2017.02.22-11.15.41:687][  0]LogMemory: Process Physical Memory: 265.86 MB used, 265.86 MB peak
[2017.02.22-11.15.41:687][  0]LogMemory: Process Virtual Memory: 265.45 MB used, 265.45 MB peak
[2017.02.22-11.15.41:687][  0]LogMemory: Physical Memory: 4565.36 MB used,  11767.09 MB free, 16332.45 MB total
[2017.02.22-11.15.41:687][  0]LogMemory: Virtual Memory: 664.88 MB used,  11767.09 MB free, 8388608.00 MB total
[2017.02.22-11.15.41:777][  0]LogTextLocalizationManager: No translations for ('fr-FR') exist, falling back to 'en' for localization and internationalization data.
[2017.02.22-11.15.42:194][  0]LogD3D11RHI: D3D11 adapters:
[2017.02.22-11.15.42:582][  0]LogD3D11RHI:    0. 'NVIDIA GeForce GTX 1070' (Feature Level 11_0)
[2017.02.22-11.15.42:582][  0]LogD3D11RHI:       8085/0/7910 MB DedicatedVideo/DedicatedSystem/SharedSystem, Outputs:1, VendorId:0x10de
[2017.02.22-11.15.42:582][  0]LogD3D11RHI: Chosen D3D11 Adapter: 0
[2017.02.22-11.15.42:586][  0]LogD3D11RHI: Creating new Direct3DDevice
[2017.02.22-11.15.42:586][  0]LogD3D11RHI:     GPU DeviceId: 0x1b81 (for the marketing name, search the web for "GPU Device Id")
[2017.02.22-11.15.42:586][  0]LogWindows: EnumDisplayDevices:
[2017.02.22-11.15.42:586][  0]LogWindows:    0. 'NVIDIA GeForce GTX 1070' (P:1 D:1)
[2017.02.22-11.15.42:586][  0]LogWindows:    1. 'NVIDIA GeForce GTX 1070' (P:0 D:0)
[2017.02.22-11.15.42:586][  0]LogWindows:    2. 'NVIDIA GeForce GTX 1070' (P:0 D:0)
[2017.02.22-11.15.42:586][  0]LogWindows:    3. 'NVIDIA GeForce GTX 1070' (P:0 D:0)
[2017.02.22-11.15.42:586][  0]LogWindows:    4. 'RDPDD Chained DD' (P:0 D:0)
[2017.02.22-11.15.42:586][  0]LogWindows:    5. 'RDP Encoder Mirror Driver' (P:0 D:0)
[2017.02.22-11.15.42:586][  0]LogWindows:    6. 'RDP Reflector Display Driver' (P:0 D:0)
[2017.02.22-11.15.42:586][  0]LogWindows: DebugString: GetVideoDriverDetailsInvalid PrimaryIsNotTheChoosenAdapter GetVideoDriverDetailsInvalid PrimaryIsNotTheChoosenAdapter GetVideoDriverDetailsInvalid PrimaryIsNotTheChoosenAdapter FoundDriverCount:4 
[2017.02.22-11.15.42:586][  0]LogD3D11RHI:     Adapter Name: NVIDIA GeForce GTX 1070
[2017.02.22-11.15.42:586][  0]LogD3D11RHI:   Driver Version: 378.66 (internal:21.21.13.7866, unified:378.66)
[2017.02.22-11.15.42:586][  0]LogD3D11RHI:      Driver Date: 2-9-2017
[2017.02.22-11.15.42:586][  0]LogRHI: Texture pool is 1361 MB (70% of 1945 MB)
[2017.02.22-11.15.42:955][  0]LogD3D11RHI: Async texture creation enabled
[2017.02.22-11.15.42:978][  0]LogD3D11RHI: GPU Timing Frequency: 1000.000000 (Debug: 2 2)
[2017.02.22-11.15.42:978][  0]LogShaderCompilers: Guid format shader working directory is -4 characters bigger than the processId version (../../../../../../Documents/Unreal Projects/UE4_Pong/Intermediate/Shaders/WorkingDirectory/8228/).
[2017.02.22-11.15.42:978][  0]LogShaderCompilers: Cleaned the shader compiler working directory 'C:/Users/Nicolas/AppData/Local/Temp/UnrealShaderWorkingDir/64C4C1BD44789D78AF43F9A380E1D8E8/'.
[2017.02.22-11.15.42:978][  0]LogShaderCompilers:Display: Using Local Shader Compiler.
[2017.02.22-11.15.43:914][  0]LogTemp:Display: Loaded TP AllDesktopTargetPlatform
[2017.02.22-11.15.43:947][  0]LogTemp:Display: Loaded TP MacClientTargetPlatform
[2017.02.22-11.15.43:980][  0]LogTemp:Display: Loaded TP MacNoEditorTargetPlatform
[2017.02.22-11.15.44:013][  0]LogTemp:Display: Loaded TP MacServerTargetPlatform
[2017.02.22-11.15.44:048][  0]LogTemp:Display: Loaded TP MacTargetPlatform
[2017.02.22-11.15.44:081][  0]LogTemp:Display: Loaded TP WindowsClientTargetPlatform
[2017.02.22-11.15.44:114][  0]LogTemp:Display: Loaded TP WindowsNoEditorTargetPlatform
[2017.02.22-11.15.44:147][  0]LogTemp:Display: Loaded TP WindowsServerTargetPlatform
[2017.02.22-11.15.44:173][  0]LogTemp:Display: Loaded TP WindowsTargetPlatform
[2017.02.22-11.15.44:207][  0]LogTemp:Display: Loaded TP AndroidTargetPlatform
[2017.02.22-11.15.44:239][  0]LogTemp:Display: Loaded TP Android_ASTCTargetPlatform
[2017.02.22-11.15.44:271][  0]LogTemp:Display: Loaded TP Android_ATCTargetPlatform
[2017.02.22-11.15.44:302][  0]LogTemp:Display: Loaded TP Android_DXTTargetPlatform
[2017.02.22-11.15.44:334][  0]LogTemp:Display: Loaded TP Android_ETC1TargetPlatform
[2017.02.22-11.15.44:366][  0]LogTemp:Display: Loaded TP Android_ETC2TargetPlatform
[2017.02.22-11.15.44:430][  0]LogTemp:Display: Loaded TP Android_MultiTargetPlatform
[2017.02.22-11.15.44:430][  0]LogTemp:Display: Loaded TP Android_PVRTCTargetPlatform
[2017.02.22-11.15.44:451][  0]LogTemp:Display: Loaded TP HTML5TargetPlatform
[2017.02.22-11.15.44:504][  0]LogTemp:Display: Loaded TP IOSTargetPlatform
[2017.02.22-11.15.44:523][  0]LogTemp:Display: Loaded TP TVOSTargetPlatform
[2017.02.22-11.15.44:554][  0]LogTemp:Display: Loaded TP LinuxClientTargetPlatform
[2017.02.22-11.15.44:586][  0]LogTemp:Display: Loaded TP LinuxNoEditorTargetPlatform
[2017.02.22-11.15.44:617][  0]LogTemp:Display: Loaded TP LinuxServerTargetPlatform
[2017.02.22-11.15.44:652][  0]LogTemp:Display: Loaded TP LinuxTargetPlatform
[2017.02.22-11.15.44:652][  0]LogTargetPlatformManager:Display: Building Assets For Windows
[2017.02.22-11.15.44:874][  0]LogDerivedDataCache:Display: Max Cache Size: 512 MB
[2017.02.22-11.15.44:908][  0]LogDerivedDataCache: Loaded boot cache 0.03s 50MB C:/Users/Nicolas/AppData/Local/UnrealEngine/4.14/DerivedDataCache/Boot.ddc.
[2017.02.22-11.15.44:908][  0]LogDerivedDataCache:Display: Loaded Boot cache: C:/Users/Nicolas/AppData/Local/UnrealEngine/4.14/DerivedDataCache/Boot.ddc
[2017.02.22-11.15.44:908][  0]LogDerivedDataCache: FDerivedDataBackendGraph:  Pak pak cache file ../../../../../../Documents/Unreal Projects/UE4_Pong/DerivedDataCache/DDC.ddp not found, will not use a pak cache.
[2017.02.22-11.15.44:908][  0]LogDerivedDataCache: Unable to find inner node Pak for hierarchical cache Hierarchy.
[2017.02.22-11.15.44:908][  0]LogDerivedDataCache: FDerivedDataBackendGraph:  CompressedPak pak cache file ../../../../../../Documents/Unreal Projects/UE4_Pong/DerivedDataCache/Compressed.ddp not found, will not use a pak cache.
[2017.02.22-11.15.44:908][  0]LogDerivedDataCache: Unable to find inner node CompressedPak for hierarchical cache Hierarchy.
[2017.02.22-11.15.44:920][  0]LogDerivedDataCache:Display: Pak cache opened for reading ../../../Engine/DerivedDataCache/Compressed.ddp.
[2017.02.22-11.15.44:931][  0]LogDerivedDataCache: Using Local data cache path C:/Users/Nicolas/AppData/Local/UnrealEngine/Common/DerivedDataCache: Writable
[2017.02.22-11.15.45:350][  0]LogInit: Selected Device Profile: [Windows]
[2017.02.22-11.15.45:352][  0]LogContentStreaming: Texture pool size is 0.00 MB
[2017.02.22-11.15.45:486][  0]LogMeshUtilities: Using QuadricMeshReduction for automatic static mesh reduction
[2017.02.22-11.15.45:514][  0]LogSimplygon: Simplygon DLL not present - disabling.
[2017.02.22-11.15.45:542][  0]LogMeshUtilities: Using SimplygonSwarm for distributed automatic mesh merging
[2017.02.22-11.15.45:542][  0]LogMeshUtilities: No automatic skeletal mesh reduction module available
[2017.02.22-11.15.45:542][  0]LogMeshUtilities: No automatic mesh merging module available
[2017.02.22-11.15.45:887][  0]LogNetVersion: GetLocalNetworkVersion: CL: 3195953, ProjectName: ue4_pong, ProjectVersion: , EngineNetworkVersion: 2, GameNetworkVersion: 0, NetworkChecksum: 1845193093
[2017.02.22-11.15.45:928][  0]LogAssetRegistry: FAssetRegistry took 0.0198 seconds to start up
[2017.02.22-11.15.45:952][  0]LogPackageLocalizationCache: Processed 3 localized package path(s) for 1 prioritized culture(s) in 0.014855 seconds
[2017.02.22-11.15.45:956][  0]LogUObjectArray: 31946 objects as part of root set at end of initial load.
[2017.02.22-11.15.45:956][  0]LogUObjectAllocator: 6935840 out of 0 bytes used by permanent object pool.
[2017.02.22-11.15.45:956][  0]LogUObjectArray: CloseDisregardForGC: 0/0 objects in disregard for GC pool
[2017.02.22-11.15.45:983][  0]LogInit: WinSock: version 1.1 (2.2), MaxSocks=32767, MaxUdp=65467
[2017.02.22-11.15.46:371][  0]LogSlate: Using Freetype 2.6.0
[2017.02.22-11.15.46:371][  0]LogSlate: SlateFontCache - WITH_FREETYPE: 1, WITH_HARFBUZZ: 1
[2017.02.22-11.15.46:371][  0]LogSlate: SlateFontCache - WITH_FREETYPE: 1, WITH_HARFBUZZ: 1
[2017.02.22-11.15.46:910][  0]LogTcpMessaging: Initializing TcpMessaging bridge
[2017.02.22-11.15.46:934][  0]LogUdpMessaging: Initializing bridge on interface 0.0.0.0:0 to multicast group 230.0.0.1:6666.
[2017.02.22-11.15.47:158][  0]LogMaterial: Uniform references updated for custom material expression Custom.
[2017.02.22-11.15.47:380][  0]SourceControl: Info Source control is disabled
[2017.02.22-11.15.47:397][  0]SourceControl: Info Source control is disabled
[2017.02.22-11.15.47:423][  0]SourceControl: Info Source control is disabled
[2017.02.22-11.15.47:448][  0]SourceControl: Info Source control is disabled
[2017.02.22-11.15.48:136][  0]LogEngine: Initializing Engine...
[2017.02.22-11.15.48:136][  0]LogHMD: Failed to initialize OpenVR with code 110
[2017.02.22-11.15.48:294][  0]LogAIModule: Creating AISystem for world Untitled
[2017.02.22-11.15.48:307][  0]LogInit: XAudio2 using 'VX228-4 (NVIDIA High Definition Audio)' : 2 channels at 48 kHz using 16 bits per sample (channel mask 0x3)
[2017.02.22-11.15.48:311][  0]LogInit: FAudioDevice initialized.
[2017.02.22-11.15.48:328][  0]LogDerivedDataCache: Saved boot cache 0.02s 50MB C:/Users/Nicolas/AppData/Local/UnrealEngine/4.14/DerivedDataCache/Boot.ddc.
[2017.02.22-11.15.48:331][  0]LogInit: Texture streaming: Enabled
[2017.02.22-11.15.48:437][  0]LogInit: Transaction tracking system initialized
[2017.02.22-11.15.48:630][  0]BlueprintLog: New page: Editor Load
[2017.02.22-11.15.49:091][  0]LocalizationService: Info Localization service is disabled
[2017.02.22-11.15.49:449][  0]LogConsoleResponse:Display: 
[2017.02.22-11.15.49:546][  0]LogCook:Display: Max memory allowance for cook 16384mb min free memory 0mb
[2017.02.22-11.15.49:546][  0]LogCook:Display: Mobile HDR setting 1
[2017.02.22-11.15.49:617][  0]LogFileCache: Scanning file cache for directory 'E:/Documents/Unreal Projects/UE4_Pong/Content/' took 0.01s
[2017.02.22-11.15.50:056][  0]SourceControl: Info Source control is disabled
[2017.02.22-11.15.50:056][  0]Cmd: MAP LOAD FILE="../../../../../../Documents/Unreal Projects/UE4_Pong/Content/Levels/Main_Menu.umap" TEMPLATE=0 SHOWPROGRESS=1 FEATURELEVEL=3
[2017.02.22-11.15.50:056][  0]LightingResults: New page: Lighting Build
[2017.02.22-11.15.50:078][  0]MapCheck: New page: Map Check
[2017.02.22-11.15.50:078][  0]LightingResults: New page: Lighting Build
[2017.02.22-11.15.50:111][  0]LogAIModule: Creating AISystem for world Main_Menu
[2017.02.22-11.15.50:112][  0]LogEditorServer: Finished looking for orphan Actors (0.000 secs)
[2017.02.22-11.15.50:113][  0]Cmd: MAP CHECKDEP NOCLEARLOG
[2017.02.22-11.15.50:137][  0]MapCheck: Info Map check complete: 0 Error(s), 0 Warning(s), took 24.53ms to complete.
[2017.02.22-11.15.50:137][  0]LogFileHelpers: Loading map 'Main_Menu' took 0.081
[2017.02.22-11.15.50:235][  0]LogCollectionManager: Loaded 1 collections in 0.001321 seconds
[2017.02.22-11.15.50:292][  0]LogFileCache: Scanning file cache for directory 'E:/Documents/Unreal Projects/UE4_Pong/Saved/Collections/' took 0.01s
[2017.02.22-11.15.50:292][  0]LogFileCache: Scanning file cache for directory 'E:/Documents/Unreal Projects/UE4_Pong/Content/Developers/Nicolas/Collections/' took 0.01s
[2017.02.22-11.15.50:292][  0]LogFileCache: Scanning file cache for directory 'E:/Documents/Unreal Projects/UE4_Pong/Content/Collections/' took 0.01s
[2017.02.22-11.15.50:292][  0]LogCollectionManager: Rebuilt the GUID cache for 1 collections in 0.000003 seconds
[2017.02.22-11.15.50:292][  0]LogCollectionManager: Rebuilt the hierarchy cache for 1 collections in 0.000000 seconds
[2017.02.22-11.15.50:299][  0]LogContentBrowser: Native class hierarchy populated in 0.0065 seconds. Added 2190 classes and 428 folders.
[2017.02.22-11.15.50:324][  0]LogStats: UGameplayTagsManager::ConstructGameplayTagTree: Construct from data asset -  0.000 s
[2017.02.22-11.15.50:324][  0]LogStats: UGameplayTagsManager::ConstructGameplayTagTree: GameplayTagTreeChangedEvent.Broadcast -  0.000 s
[2017.02.22-11.15.50:325][  0]LogContentBrowser: Native class hierarchy updated for 'GameplayTags' in 0.0004 seconds. Added 13 classes and 0 folders.
[2017.02.22-11.15.50:357][  0]LogContentBrowser: Native class hierarchy updated for 'WidgetCarousel' in 0.0003 seconds. Added 0 classes and 0 folders.
[2017.02.22-11.15.50:380][  0]LogContentBrowser: Native class hierarchy updated for 'AddContentDialog' in 0.0003 seconds. Added 0 classes and 0 folders.
[2017.02.22-11.15.50:404][  0]LogContentBrowser: Native class hierarchy updated for 'SceneOutliner' in 0.0004 seconds. Added 1 classes and 2 folders.
[2017.02.22-11.15.50:447][  0]LogCrashTracker: Crashtracker disabled due to settings.
[2017.02.22-11.15.50:450][  0]LogUObjectGlobals:Warning: Failed to find object 'Class None.'
[2017.02.22-11.15.50:493][  0]LogContentBrowser: Native class hierarchy updated for 'HierarchicalLODOutliner' in 0.0003 seconds. Added 1 classes and 2 folders.
[2017.02.22-11.15.50:493][  0]LogLoad: (Engine Initialization) Total time: 10.30 seconds
[2017.02.22-11.15.50:493][  0]LogLoad: (Engine Initialization) Total Blueprint compile time: 0.03 seconds
[2017.02.22-11.15.50:493][  0]LogExternalProfiler: Found external profiler: VSPerf
[2017.02.22-11.15.50:493][  0]LogExternalProfiler: Using external profiler: VSPerf
[2017.02.22-11.15.50:832][  0]LogOcInput: OculusInput pre-init called
